<?xml version="1.0" encoding="UTF-8" ?>
<testsuite errors="0" failures="0" hostname="CCROCKET-LAP" name="com.oracle.grails.aone.controller.UsersControllerSpec" tests="5" time="0.627" timestamp="2016-02-02T19:59:17">
  <properties />
  <testcase classname="com.oracle.grails.aone.controller.UsersControllerSpec" name="test change password good change" time="0.323" />
  <testcase classname="com.oracle.grails.aone.controller.UsersControllerSpec" name="test change password bad change" time="0.028" />
  <testcase classname="com.oracle.grails.aone.controller.UsersControllerSpec" name="test create user" time="0.044" />
  <testcase classname="com.oracle.grails.aone.controller.UsersControllerSpec" name="login - valid" time="0.063" />
  <testcase classname="com.oracle.grails.aone.controller.UsersControllerSpec" name="login - invalid" time="0.057" />
  <system-out><![CDATA[--Output from test change password good change--
--Output from test change password bad change--
--Output from test create user--
--Output from login - valid--
--Output from login - invalid--
]]></system-out>
  <system-err><![CDATA[--Output from test change password good change--
--Output from test change password bad change--
--Output from test create user--
--Output from login - valid--
--Output from login - invalid--
]]></system-err>
</testsuite>
