<?xml version="1.0" encoding="UTF-8" ?>
<testsuite errors="0" failures="0" hostname="CCROCKET-LAP" name="com.oracle.grails.aone.controller.ItemsControllerSpec" tests="5" time="0.618" timestamp="2016-02-02T19:59:16">
  <properties />
  <testcase classname="com.oracle.grails.aone.controller.ItemsControllerSpec" name="test get items" time="0.328" />
  <testcase classname="com.oracle.grails.aone.controller.ItemsControllerSpec" name="test get items by id" time="0.042" />
  <testcase classname="com.oracle.grails.aone.controller.ItemsControllerSpec" name="test delete item" time="0.045" />
  <testcase classname="com.oracle.grails.aone.controller.ItemsControllerSpec" name="test create item" time="0.045" />
  <testcase classname="com.oracle.grails.aone.controller.ItemsControllerSpec" name="test update item" time="0.119" />
  <system-out><![CDATA[--Output from test get items--
--Output from test get items by id--
--Output from test delete item--
--Output from test create item--
--Output from test update item--
]]></system-out>
  <system-err><![CDATA[--Output from test get items--
--Output from test get items by id--
--Output from test delete item--
--Output from test create item--
--Output from test update item--
]]></system-err>
</testsuite>
