<?xml version="1.0" encoding="UTF-8" ?>
<testsuite errors="0" failures="0" hostname="CCROCKET-LAP" name="com.oracle.grails.aone.service.ItemServiceSpec" tests="1" time="1.38" timestamp="2016-02-02T19:59:18">
  <properties />
  <testcase classname="com.oracle.grails.aone.service.ItemServiceSpec" name="test formating of item returned for find all" time="1.341" />
  <system-out><![CDATA[--Output from test formating of item returned for find all--
]]></system-out>
  <system-err><![CDATA[--Output from test formating of item returned for find all--
]]></system-err>
</testsuite>
